<?xml version="1.0" encoding="UTF-8" ?>
<testsuite tests="1" failures="0" name="seclusion.com.java.office.microsoft_office.excel.transpose.AppTest" time="0.002" errors="0" skipped="0">
  <properties>
    <property name="java.runtime.name" value="Java(TM) SE Runtime Environment"/>
    <property name="sun.boot.library.path" value="D:\seclusion\software\jdk-8u144-windows-x64\jre\bin"/>
    <property name="java.vm.version" value="25.144-b01"/>
    <property name="java.vm.vendor" value="Oracle Corporation"/>
    <property name="maven.multiModuleProjectDirectory" value="D:\seclusion\workspace\java\dev\private\excel.transpose"/>
    <property name="java.vendor.url" value="http://java.oracle.com/"/>
    <property name="path.separator" value=";"/>
    <property name="guice.disable.misplaced.annotation.check" value="true"/>
    <property name="java.vm.name" value="Java HotSpot(TM) 64-Bit Server VM"/>
    <property name="file.encoding.pkg" value="sun.io"/>
    <property name="user.script" value=""/>
    <property name="user.country" value="FR"/>
    <property name="sun.java.launcher" value="SUN_STANDARD"/>
    <property name="sun.os.patch.level" value="Service Pack 1"/>
    <property name="java.vm.specification.name" value="Java Virtual Machine Specification"/>
    <property name="user.dir" value="D:\seclusion\workspace\java\dev\private\excel.transpose"/>
    <property name="java.runtime.version" value="1.8.0_144-b01"/>
    <property name="java.awt.graphicsenv" value="sun.awt.Win32GraphicsEnvironment"/>
    <property name="java.endorsed.dirs" value="D:\seclusion\software\jdk-8u144-windows-x64\jre\lib\endorsed"/>
    <property name="os.arch" value="amd64"/>
    <property name="java.io.tmpdir" value="C:\Users\v-97341m\AppData\Local\Temp\"/>
    <property name="line.separator" value="
"/>
    <property name="java.vm.specification.vendor" value="Oracle Corporation"/>
    <property name="user.variant" value=""/>
    <property name="os.name" value="Windows 7"/>
    <property name="classworlds.conf" value="D:\seclusion\workspace\java\dev\private\.metadata\.plugins\org.eclipse.m2e.launching\launches\m2conf8795264234581997058.tmp"/>
    <property name="sun.jnu.encoding" value="Cp1252"/>
    <property name="java.library.path" value="D:\seclusion\software\jdk-8u144-windows-x64\bin;C:\WINDOWS\Sun\Java\bin;C:\WINDOWS\system32;C:\WINDOWS;C:\Python27\;C:\Python27\Scripts;C:\tibco\tibrv\8.4\bin;C:\Program Files (x86)\Maven\bin;c:\users\A2S-69~1\AppData\Local\Temp\LRE7C04.tmp\bin;C:\oracle\11.2.0\bin;C:\Program Files (x86)\CollabNet\Subversion Client;C:\Program Files (x86)\ActiveState\ActivePerl5.8.3\bin\;C:\Program Files\Serena\Dimensions 12.2\CM\prog64;C:\Program Files\Serena\Dimensions 12.2\CM\prog;C:\Program Files\DevJava\Subversion Client;C:\Program Files\DevJava\maven\bin;C:\Program Files\DevJava\jdk1.6.0_20\bin;C:\Program Files\Borland\Delphi5\bin\;C:\Program Files\Borland\Delphi5\Projects\Bpl;C:\Windows\system32;C:\Windows;C:\Windows\System32\Wbem;C:\Windows\System32\WindowsPowerShell\v1.0\;C:\Windows\System32\Windows System Resource Manager\bin;;C:\Windows\idmu\common;C:\Program Files\Windows Imaging\;C:\Program Files\WinBatch\Extenders2002g;C:\TUXEDO\bin;C:\PROGW311\LOTSUITE\AMIPRO;C:\Program Files\Oracle\jre\1.1.8\bin\;C:\oracle\ora92\bin\;C:\Program Files\Oracle\jre\1.3.1\bin\;C:\Program Files\Citrix\ICAService\;C:\Program Files\Citrix\System32\;C:\Program Files\DevJava\TortoiseSVN-1.7.11\bin;C:\Program Files (x86)\Borland\Delphi5\Bin;C:\Program Files (x86)\Borland\Delphi5\Projects\Bpl;C:\WINDOWS\SysWOW64\;C:\WINDOWS;C:\WINDOWS\SysWOW64\Wbem;C:\WINDOWS\SysWOW64\WindowsPowerShell\v1.0;C:\PROGRA~2\Borland\Delphi5\Projects\Bpl;C:\PROGRA~2\Borland\Delphi5\Bin;C:\Program Files (x86)\Common Files\Citrix\system32;C:\Program Files (x86)\Serena\Dimensions 14.3\CM\prog64;C:\Program Files (x86)\Serena\Dimensions 14.3\CM\prog;C:\Produit\strawberry\c\bin;C:\Produit\strawberry\perl\site\bin;C:\Produit\strawberry\perl\bin;C:\Program Files\Citrix\Virtual Desktop Agent\;C:\program files\TortoiseSVN\bin;C:\WINDOWS\System32\WindowsPowerShell\v1.0\;."/>
    <property name="java.specification.name" value="Java Platform API Specification"/>
    <property name="java.class.version" value="52.0"/>
    <property name="sun.management.compiler" value="HotSpot 64-Bit Tiered Compilers"/>
    <property name="os.version" value="6.1"/>
    <property name="user.home" value="C:\Users\v-97341m"/>
    <property name="user.timezone" value="Europe/Paris"/>
    <property name="java.awt.printerjob" value="sun.awt.windows.WPrinterJob"/>
    <property name="java.specification.version" value="1.8"/>
    <property name="file.encoding" value="Cp1252"/>
    <property name="user.name" value="v-97341m"/>
    <property name="java.class.path" value="D:\seclusion\software\eclipse-java-oxygen-1a-win32-x86_64\eclipse\plugins\org.eclipse.m2e.maven.runtime_1.8.2.20171007-0216\jars\plexus-classworlds-2.5.2.jar"/>
    <property name="java.vm.specification.version" value="1.8"/>
    <property name="sun.arch.data.model" value="64"/>
    <property name="java.home" value="D:\seclusion\software\jdk-8u144-windows-x64\jre"/>
    <property name="sun.java.command" value="org.codehaus.plexus.classworlds.launcher.Launcher -B -gs C:\Users\v-97341m\.m2\settings.xml install"/>
    <property name="java.specification.vendor" value="Oracle Corporation"/>
    <property name="user.language" value="fr"/>
    <property name="awt.toolkit" value="sun.awt.windows.WToolkit"/>
    <property name="java.vm.info" value="mixed mode"/>
    <property name="java.version" value="1.8.0_144"/>
    <property name="java.ext.dirs" value="D:\seclusion\software\jdk-8u144-windows-x64\jre\lib\ext;C:\WINDOWS\Sun\Java\lib\ext"/>
    <property name="sun.boot.class.path" value="D:\seclusion\software\jdk-8u144-windows-x64\jre\lib\resources.jar;D:\seclusion\software\jdk-8u144-windows-x64\jre\lib\rt.jar;D:\seclusion\software\jdk-8u144-windows-x64\jre\lib\sunrsasign.jar;D:\seclusion\software\jdk-8u144-windows-x64\jre\lib\jsse.jar;D:\seclusion\software\jdk-8u144-windows-x64\jre\lib\jce.jar;D:\seclusion\software\jdk-8u144-windows-x64\jre\lib\charsets.jar;D:\seclusion\software\jdk-8u144-windows-x64\jre\lib\jfr.jar;D:\seclusion\software\jdk-8u144-windows-x64\jre\classes"/>
    <property name="java.vendor" value="Oracle Corporation"/>
    <property name="maven.home" value="D:\seclusion\workspace\java\dev\private\excel.transpose\EMBEDDED"/>
    <property name="file.separator" value="\"/>
    <property name="java.vendor.url.bug" value="http://bugreport.sun.com/bugreport/"/>
    <property name="sun.cpu.endian" value="little"/>
    <property name="sun.io.unicode.encoding" value="UnicodeLittle"/>
    <property name="sun.desktop" value="windows"/>
    <property name="sun.cpu.isalist" value="amd64"/>
  </properties>
  <testcase classname="seclusion.com.java.office.microsoft_office.excel.transpose.AppTest" name="testApp" time="0.002"/>
</testsuite>